Performing C SOURCE FILE Test CMAKE_HAVE_LIBC_PTHREAD failed with the following output:
Change Dir: /home/kudan/Documents/Github/cuda-bundle-adjustment/build/CMakeFiles/CMakeTmp

Run Build Command(s):/usr/bin/make -f Makefile cmTC_7a330/fast && /usr/bin/make  -f CMakeFiles/cmTC_7a330.dir/build.make CMakeFiles/cmTC_7a330.dir/build
make[1]: Entering directory '/home/kudan/Documents/Github/cuda-bundle-adjustment/build/CMakeFiles/CMakeTmp'
Building C object CMakeFiles/cmTC_7a330.dir/src.c.o
/usr/bin/cc -DCMAKE_HAVE_LIBC_PTHREAD -D_GLIBCXX_USE_CXX11_ABI=1  -fPIC  -O2 -g -DNDEBUG -fPIE -o CMakeFiles/cmTC_7a330.dir/src.c.o -c /home/kudan/Documents/Github/cuda-bundle-adjustment/build/CMakeFiles/CMakeTmp/src.c
Linking C executable cmTC_7a330
/snap/cmake/1005/bin/cmake -E cmake_link_script CMakeFiles/cmTC_7a330.dir/link.txt --verbose=1
/usr/bin/cc -fPIC  -O2 -g -DNDEBUG -m64  CMakeFiles/cmTC_7a330.dir/src.c.o -o cmTC_7a330 
/usr/bin/ld: CMakeFiles/cmTC_7a330.dir/src.c.o: in function `main':
/home/kudan/Documents/Github/cuda-bundle-adjustment/build/CMakeFiles/CMakeTmp/src.c:11: undefined reference to `pthread_create'
/usr/bin/ld: /home/kudan/Documents/Github/cuda-bundle-adjustment/build/CMakeFiles/CMakeTmp/src.c:12: undefined reference to `pthread_detach'
/usr/bin/ld: /home/kudan/Documents/Github/cuda-bundle-adjustment/build/CMakeFiles/CMakeTmp/src.c:13: undefined reference to `pthread_cancel'
/usr/bin/ld: /home/kudan/Documents/Github/cuda-bundle-adjustment/build/CMakeFiles/CMakeTmp/src.c:14: undefined reference to `pthread_join'
collect2: error: ld returned 1 exit status
make[1]: *** [CMakeFiles/cmTC_7a330.dir/build.make:99: cmTC_7a330] Error 1
make[1]: Leaving directory '/home/kudan/Documents/Github/cuda-bundle-adjustment/build/CMakeFiles/CMakeTmp'
make: *** [Makefile:127: cmTC_7a330/fast] Error 2


Source file was:
#include <pthread.h>

static void* test_func(void* data)
{
  return data;
}

int main(void)
{
  pthread_t thread;
  pthread_create(&thread, NULL, test_func, NULL);
  pthread_detach(thread);
  pthread_cancel(thread);
  pthread_join(thread, NULL);
  pthread_atfork(NULL, NULL, NULL);
  pthread_exit(NULL);

  return 0;
}

Determining if the function pthread_create exists in the pthreads failed with the following output:
Change Dir: /home/kudan/Documents/Github/cuda-bundle-adjustment/build/CMakeFiles/CMakeTmp

Run Build Command(s):/usr/bin/make -f Makefile cmTC_f1011/fast && /usr/bin/make  -f CMakeFiles/cmTC_f1011.dir/build.make CMakeFiles/cmTC_f1011.dir/build
make[1]: Entering directory '/home/kudan/Documents/Github/cuda-bundle-adjustment/build/CMakeFiles/CMakeTmp'
Building C object CMakeFiles/cmTC_f1011.dir/CheckFunctionExists.c.o
/usr/bin/cc -D_GLIBCXX_USE_CXX11_ABI=1  -fPIC -DCHECK_FUNCTION_EXISTS=pthread_create -O2 -g -DNDEBUG -fPIE -o CMakeFiles/cmTC_f1011.dir/CheckFunctionExists.c.o -c /snap/cmake/1005/share/cmake-3.22/Modules/CheckFunctionExists.c
Linking C executable cmTC_f1011
/snap/cmake/1005/bin/cmake -E cmake_link_script CMakeFiles/cmTC_f1011.dir/link.txt --verbose=1
/usr/bin/cc -fPIC -DCHECK_FUNCTION_EXISTS=pthread_create -O2 -g -DNDEBUG -m64  CMakeFiles/cmTC_f1011.dir/CheckFunctionExists.c.o -o cmTC_f1011  -lpthreads 
/usr/bin/ld: cannot find -lpthreads
collect2: error: ld returned 1 exit status
make[1]: *** [CMakeFiles/cmTC_f1011.dir/build.make:99: cmTC_f1011] Error 1
make[1]: Leaving directory '/home/kudan/Documents/Github/cuda-bundle-adjustment/build/CMakeFiles/CMakeTmp'
make: *** [Makefile:127: cmTC_f1011/fast] Error 2



